TN:
SF:node_modules/@openzeppelin/contracts/access/Ownable.sol
FN:43,Ownable.owner
FNDA:0,Ownable.owner
DA:44,0
FN:50,Ownable._checkOwner
FNDA:0,Ownable._checkOwner
DA:51,0
BRDA:51,0,0,-
BRDA:51,0,1,-
FN:61,Ownable.renounceOwnership
FNDA:0,Ownable.renounceOwnership
DA:62,0
FN:69,Ownable.transferOwnership
FNDA:0,Ownable.transferOwnership
DA:70,0
BRDA:70,1,0,-
BRDA:70,1,1,-
DA:71,0
FN:78,Ownable._transferOwnership
FNDA:0,Ownable._transferOwnership
DA:79,0
DA:80,0
DA:81,0
FNF:5
FNH:0
LF:8
LH:0
BRF:4
BRH:0
end_of_record
TN:
SF:node_modules/@openzeppelin/contracts/security/ReentrancyGuard.sol
FN:56,ReentrancyGuard._nonReentrantBefore
FNDA:0,ReentrancyGuard._nonReentrantBefore
DA:58,0
BRDA:58,0,0,-
BRDA:58,0,1,-
DA:61,0
FN:64,ReentrancyGuard._nonReentrantAfter
FNDA:0,ReentrancyGuard._nonReentrantAfter
DA:67,0
FNF:2
FNH:0
LF:3
LH:0
BRF:2
BRH:0
end_of_record
TN:
SF:node_modules/@openzeppelin/contracts/token/ERC1155/ERC1155.sol
FN:42,ERC1155.supportsInterface
FNDA:0,ERC1155.supportsInterface
DA:43,0
DA:44,0
DA:45,0
DA:46,0
FN:59,ERC1155.uri
FNDA:0,ERC1155.uri
DA:60,0
FN:70,ERC1155.balanceOf
FNDA:0,ERC1155.balanceOf
DA:71,0
BRDA:71,0,0,-
BRDA:71,0,1,-
DA:72,0
FN:82,ERC1155.balanceOfBatch
FNDA:0,ERC1155.balanceOfBatch
DA:89,0
BRDA:89,1,0,-
BRDA:89,1,1,-
DA:91,0
DA:93,0
DA:94,0
DA:97,0
FN:103,ERC1155.setApprovalForAll
FNDA:0,ERC1155.setApprovalForAll
DA:104,0
FN:110,ERC1155.isApprovedForAll
FNDA:0,ERC1155.isApprovedForAll
DA:111,0
FN:117,ERC1155.safeTransferFrom
FNDA:0,ERC1155.safeTransferFrom
DA:124,0
BRDA:124,2,0,-
BRDA:124,2,1,-
DA:128,0
FN:134,ERC1155.safeBatchTransferFrom
FNDA:0,ERC1155.safeBatchTransferFrom
DA:141,0
BRDA:141,3,0,-
BRDA:141,3,1,-
DA:145,0
FN:160,ERC1155._safeTransferFrom
FNDA:0,ERC1155._safeTransferFrom
DA:167,0
BRDA:167,4,0,-
BRDA:167,4,1,-
DA:169,0
DA:170,0
DA:171,0
DA:173,0
DA:175,0
DA:176,0
BRDA:176,5,0,-
BRDA:176,5,1,-
DA:178,0
DA:180,0
DA:182,0
DA:184,0
DA:186,0
FN:199,ERC1155._safeBatchTransferFrom
FNDA:0,ERC1155._safeBatchTransferFrom
DA:206,0
BRDA:206,6,0,-
BRDA:206,6,1,-
DA:207,0
BRDA:207,7,0,-
BRDA:207,7,1,-
DA:209,0
DA:211,0
DA:213,0
DA:214,0
DA:215,0
DA:217,0
DA:218,0
BRDA:218,8,0,-
BRDA:218,8,1,-
DA:220,0
DA:222,0
DA:225,0
DA:227,0
DA:229,0
FN:251,ERC1155._setURI
FNDA:0,ERC1155._setURI
DA:252,0
FN:266,ERC1155._mint
FNDA:0,ERC1155._mint
DA:272,0
BRDA:272,9,0,-
BRDA:272,9,1,-
DA:274,0
DA:275,0
DA:276,0
DA:278,0
DA:280,0
DA:281,0
DA:283,0
DA:285,0
FN:299,ERC1155._mintBatch
FNDA:0,ERC1155._mintBatch
DA:305,0
BRDA:305,10,0,-
BRDA:305,10,1,-
DA:306,0
BRDA:306,11,0,-
BRDA:306,11,1,-
DA:308,0
DA:310,0
DA:312,0
DA:313,0
DA:316,0
DA:318,0
DA:320,0
FN:333,ERC1155._burn
FNDA:0,ERC1155._burn
DA:338,0
BRDA:338,12,0,-
BRDA:338,12,1,-
DA:340,0
DA:341,0
DA:342,0
DA:344,0
DA:346,0
DA:347,0
BRDA:347,13,0,-
BRDA:347,13,1,-
DA:349,0
DA:352,0
DA:354,0
FN:366,ERC1155._burnBatch
FNDA:0,ERC1155._burnBatch
DA:371,0
BRDA:371,14,0,-
BRDA:371,14,1,-
DA:372,0
BRDA:372,15,0,-
BRDA:372,15,1,-
DA:374,0
DA:376,0
DA:378,0
DA:379,0
DA:380,0
DA:382,0
DA:383,0
BRDA:383,16,0,-
BRDA:383,16,1,-
DA:385,0
DA:389,0
DA:391,0
FN:399,ERC1155._setApprovalForAll
FNDA:0,ERC1155._setApprovalForAll
DA:404,0
BRDA:404,17,0,-
BRDA:404,17,1,-
DA:405,0
DA:406,0
FN:429,ERC1155._beforeTokenTransfer
FNDA:0,ERC1155._beforeTokenTransfer
FN:458,ERC1155._afterTokenTransfer
FNDA:0,ERC1155._afterTokenTransfer
FN:467,ERC1155._doSafeTransferAcceptanceCheck
FNDA:0,ERC1155._doSafeTransferAcceptanceCheck
DA:475,0
BRDA:475,18,0,-
BRDA:475,18,1,-
DA:476,0
FN:488,ERC1155._doSafeBatchTransferAcceptanceCheck
FNDA:0,ERC1155._doSafeBatchTransferAcceptanceCheck
DA:496,0
BRDA:496,19,0,-
BRDA:496,19,1,-
DA:497,0
FN:511,ERC1155._asSingletonArray
FNDA:0,ERC1155._asSingletonArray
DA:512,0
DA:513,0
DA:515,0
FNF:21
FNH:0
LF:95
LH:0
BRF:40
BRH:0
end_of_record
TN:
SF:node_modules/@openzeppelin/contracts/token/ERC20/ERC20.sol
FN:62,ERC20.name
FNDA:0,ERC20.name
DA:63,0
FN:70,ERC20.symbol
FNDA:0,ERC20.symbol
DA:71,0
FN:87,ERC20.decimals
FNDA:0,ERC20.decimals
DA:88,0
FN:94,ERC20.totalSupply
FNDA:0,ERC20.totalSupply
DA:95,0
FN:101,ERC20.balanceOf
FNDA:10508,ERC20.balanceOf
DA:102,10508
FN:113,ERC20.transfer
FNDA:2818,ERC20.transfer
DA:114,2818
DA:115,2818
DA:116,2818
FN:122,ERC20.allowance
FNDA:0,ERC20.allowance
DA:123,3330
FN:136,ERC20.approve
FNDA:3330,ERC20.approve
DA:137,3330
DA:138,3330
DA:139,3330
FN:158,ERC20.transferFrom
FNDA:3330,ERC20.transferFrom
DA:163,3330
DA:164,3330
DA:165,3330
DA:166,3330
FN:181,ERC20.increaseAllowance
FNDA:0,ERC20.increaseAllowance
DA:182,0
DA:183,0
DA:184,0
FN:201,ERC20.decreaseAllowance
FNDA:0,ERC20.decreaseAllowance
DA:202,0
DA:203,0
DA:204,0
BRDA:204,0,0,-
BRDA:204,0,1,-
DA:206,0
DA:209,0
FN:226,ERC20._transfer
FNDA:6148,ERC20._transfer
DA:231,6148
BRDA:231,1,0,-
BRDA:231,1,1,6148
DA:232,6148
BRDA:232,2,0,-
BRDA:232,2,1,6148
DA:234,6148
DA:236,6148
DA:237,6148
BRDA:237,3,0,-
BRDA:237,3,1,6148
DA:239,6148
DA:242,6148
DA:245,6148
DA:247,6148
FN:259,ERC20._mint
FNDA:0,ERC20._mint
DA:260,0
BRDA:260,4,0,-
BRDA:260,4,1,-
DA:262,0
DA:264,0
DA:267,0
DA:269,0
DA:271,0
FN:285,ERC20._burn
FNDA:0,ERC20._burn
DA:286,0
BRDA:286,5,0,-
BRDA:286,5,1,-
DA:288,0
DA:290,0
DA:291,0
BRDA:291,6,0,-
BRDA:291,6,1,-
DA:293,0
DA:295,0
DA:298,0
DA:300,0
FN:316,ERC20._approve
FNDA:6660,ERC20._approve
DA:321,6660
BRDA:321,7,0,-
BRDA:321,7,1,6660
DA:322,6660
BRDA:322,8,0,-
BRDA:322,8,1,6660
DA:324,6660
DA:325,6660
FN:336,ERC20._spendAllowance
FNDA:3330,ERC20._spendAllowance
DA:341,3330
DA:342,3330
BRDA:342,9,0,-
BRDA:342,9,1,3330
DA:343,3330
BRDA:343,10,0,-
BRDA:343,10,1,3330
DA:345,3330
FN:364,ERC20._beforeTokenTransfer
FNDA:6148,ERC20._beforeTokenTransfer
FN:384,ERC20._afterTokenTransfer
FNDA:6148,ERC20._afterTokenTransfer
FNF:18
FNH:9
LF:55
LH:29
BRF:22
BRH:7
end_of_record
TN:
SF:node_modules/@openzeppelin/contracts/token/ERC20/utils/SafeERC20.sol
FN:22,SafeERC20.safeTransfer
FNDA:0,SafeERC20.safeTransfer
DA:27,0
FN:30,SafeERC20.safeTransferFrom
FNDA:0,SafeERC20.safeTransferFrom
DA:36,0
FN:46,SafeERC20.safeApprove
FNDA:0,SafeERC20.safeApprove
DA:54,0
BRDA:54,0,0,-
BRDA:54,0,1,-
DA:58,0
FN:61,SafeERC20.safeIncreaseAllowance
FNDA:0,SafeERC20.safeIncreaseAllowance
DA:66,0
DA:67,0
FN:70,SafeERC20.safeDecreaseAllowance
FNDA:0,SafeERC20.safeDecreaseAllowance
DA:76,0
DA:77,0
BRDA:77,1,0,-
BRDA:77,1,1,-
DA:78,0
DA:79,0
FN:83,SafeERC20.safePermit
FNDA:0,SafeERC20.safePermit
DA:93,0
DA:94,0
DA:95,0
DA:96,0
BRDA:96,2,0,-
BRDA:96,2,1,-
FN:105,SafeERC20._callOptionalReturn
FNDA:0,SafeERC20._callOptionalReturn
DA:110,0
DA:111,0
BRDA:111,3,0,-
BRDA:111,3,1,-
DA:113,0
BRDA:113,4,0,-
BRDA:113,4,1,-
FNF:7
FNH:0
LF:17
LH:0
BRF:10
BRH:0
end_of_record
TN:
SF:node_modules/@openzeppelin/contracts/token/ERC721/ERC721.sol
FN:52,ERC721.supportsInterface
FNDA:0,ERC721.supportsInterface
DA:53,0
DA:54,0
DA:55,0
DA:56,0
FN:62,ERC721.balanceOf
FNDA:0,ERC721.balanceOf
DA:63,0
BRDA:63,0,0,-
BRDA:63,0,1,-
DA:64,0
FN:70,ERC721.ownerOf
FNDA:0,ERC721.ownerOf
DA:71,0
DA:72,0
BRDA:72,1,0,-
BRDA:72,1,1,-
DA:73,0
FN:79,ERC721.name
FNDA:0,ERC721.name
DA:80,0
FN:86,ERC721.symbol
FNDA:0,ERC721.symbol
DA:87,0
FN:93,ERC721.tokenURI
FNDA:0,ERC721.tokenURI
DA:94,0
DA:96,0
DA:97,0
FN:105,ERC721._baseURI
FNDA:0,ERC721._baseURI
DA:106,0
FN:112,ERC721.approve
FNDA:0,ERC721.approve
DA:113,0
DA:114,0
BRDA:114,2,0,-
BRDA:114,2,1,-
DA:116,0
BRDA:116,3,0,-
BRDA:116,3,1,-
DA:121,0
FN:127,ERC721.getApproved
FNDA:0,ERC721.getApproved
DA:128,0
DA:130,0
FN:136,ERC721.setApprovalForAll
FNDA:0,ERC721.setApprovalForAll
DA:137,0
FN:143,ERC721.isApprovedForAll
FNDA:0,ERC721.isApprovedForAll
DA:144,0
FN:150,ERC721.transferFrom
FNDA:0,ERC721.transferFrom
DA:156,0
BRDA:156,4,0,-
BRDA:156,4,1,-
DA:158,0
FN:164,ERC721.safeTransferFrom
FNDA:0,ERC721.safeTransferFrom
DA:169,0
FN:175,ERC721.safeTransferFrom
FNDA:0,ERC721.safeTransferFrom
DA:181,0
BRDA:181,5,0,-
BRDA:181,5,1,-
DA:182,0
FN:203,ERC721._safeTransfer
FNDA:0,ERC721._safeTransfer
DA:209,0
DA:210,0
BRDA:210,6,0,-
BRDA:210,6,1,-
FN:216,ERC721._ownerOf
FNDA:0,ERC721._ownerOf
DA:217,0
FN:228,ERC721._exists
FNDA:0,ERC721._exists
DA:229,0
FN:239,ERC721._isApprovedOrOwner
FNDA:0,ERC721._isApprovedOrOwner
DA:240,0
DA:241,0
FN:254,ERC721._safeMint
FNDA:0,ERC721._safeMint
DA:255,0
FN:262,ERC721._safeMint
FNDA:0,ERC721._safeMint
DA:267,0
DA:268,0
BRDA:268,7,0,-
BRDA:268,7,1,-
FN:286,ERC721._mint
FNDA:0,ERC721._mint
DA:287,0
BRDA:287,8,0,-
BRDA:287,8,1,-
DA:288,0
BRDA:288,9,0,-
BRDA:288,9,1,-
DA:290,0
DA:293,0
BRDA:293,10,0,-
BRDA:293,10,1,-
DA:300,0
DA:303,0
DA:305,0
DA:307,0
FN:321,ERC721._burn
FNDA:0,ERC721._burn
DA:322,0
DA:324,0
DA:327,0
DA:330,0
DA:335,0
DA:337,0
DA:339,0
DA:341,0
FN:355,ERC721._transfer
FNDA:0,ERC721._transfer
DA:360,0
BRDA:360,11,0,-
BRDA:360,11,1,-
DA:361,0
BRDA:361,12,0,-
BRDA:361,12,1,-
DA:363,0
DA:366,0
BRDA:366,13,0,-
BRDA:366,13,1,-
DA:369,0
DA:377,0
DA:378,0
DA:380,0
DA:382,0
DA:384,0
FN:392,ERC721._approve
FNDA:0,ERC721._approve
DA:393,0
DA:394,0
FN:402,ERC721._setApprovalForAll
FNDA:0,ERC721._setApprovalForAll
DA:407,0
BRDA:407,14,0,-
BRDA:407,14,1,-
DA:408,0
DA:409,0
FN:415,ERC721._requireMinted
FNDA:0,ERC721._requireMinted
DA:416,0
BRDA:416,15,0,-
BRDA:416,15,1,-
FN:429,ERC721._checkOnERC721Received
FNDA:0,ERC721._checkOnERC721Received
DA:435,0
BRDA:435,16,0,-
BRDA:435,16,1,-
DA:436,0
DA:449,0
FN:467,ERC721._beforeTokenTransfer
FNDA:0,ERC721._beforeTokenTransfer
FN:488,ERC721._afterTokenTransfer
FNDA:0,ERC721._afterTokenTransfer
FN:503,ERC721.__unsafe_increaseBalance
FNDA:0,ERC721.__unsafe_increaseBalance
DA:504,0
FNF:30
FNH:0
LF:73
LH:0
BRF:34
BRH:0
end_of_record
TN:
SF:node_modules/@openzeppelin/contracts/utils/Address.sol
FN:36,Address.isContract
FNDA:0,Address.isContract
DA:41,0
FN:60,Address.sendValue
FNDA:0,Address.sendValue
DA:61,0
BRDA:61,0,0,-
BRDA:61,0,1,-
DA:63,0
DA:64,0
BRDA:64,1,0,-
BRDA:64,1,1,-
FN:85,Address.functionCall
FNDA:0,Address.functionCall
DA:86,0
FN:95,Address.functionCall
FNDA:0,Address.functionCall
DA:100,0
FN:114,Address.functionCallWithValue
FNDA:0,Address.functionCallWithValue
DA:119,0
FN:128,Address.functionCallWithValue
FNDA:0,Address.functionCallWithValue
DA:134,0
BRDA:134,2,0,-
BRDA:134,2,1,-
DA:135,0
DA:136,0
FN:145,Address.functionStaticCall
FNDA:0,Address.functionStaticCall
DA:146,0
FN:155,Address.functionStaticCall
FNDA:0,Address.functionStaticCall
DA:160,0
DA:161,0
FN:170,Address.functionDelegateCall
FNDA:0,Address.functionDelegateCall
DA:171,0
FN:180,Address.functionDelegateCall
FNDA:0,Address.functionDelegateCall
DA:185,0
DA:186,0
FN:195,Address.verifyCallResultFromTarget
FNDA:0,Address.verifyCallResultFromTarget
DA:201,0
BRDA:201,3,0,-
BRDA:201,3,1,-
DA:202,0
BRDA:202,4,0,-
BRDA:202,4,1,-
DA:205,0
BRDA:205,5,0,-
BRDA:205,5,1,-
DA:207,0
DA:209,0
FN:219,Address.verifyCallResult
FNDA:0,Address.verifyCallResult
DA:224,0
BRDA:224,6,0,-
BRDA:224,6,1,-
DA:225,0
DA:227,0
FN:231,Address._revert
FNDA:0,Address._revert
DA:233,0
BRDA:233,7,0,-
BRDA:233,7,1,-
DA:241,0
FNF:13
FNH:0
LF:26
LH:0
BRF:16
BRH:0
end_of_record
TN:
SF:node_modules/@openzeppelin/contracts/utils/Context.sol
FN:17,Context._msgSender
FNDA:9478,Context._msgSender
DA:18,9478
FN:21,Context._msgData
FNDA:0,Context._msgData
DA:22,0
FNF:2
FNH:1
LF:2
LH:1
BRF:0
BRH:0
end_of_record
TN:
SF:node_modules/@openzeppelin/contracts/utils/Strings.sol
FN:18,Strings.toString
FNDA:0,Strings.toString
DA:20,0
DA:21,0
DA:22,0
DA:25,0
DA:28,0
DA:33,0
DA:34,0
BRDA:34,0,0,-
BRDA:34,0,1,-
DA:36,0
FN:43,Strings.toHexString
FNDA:0,Strings.toHexString
DA:45,0
FN:52,Strings.toHexString
FNDA:0,Strings.toHexString
DA:53,0
DA:54,0
DA:55,0
DA:56,0
DA:57,0
DA:58,0
DA:60,0
BRDA:60,1,0,-
BRDA:60,1,1,-
DA:61,0
FN:67,Strings.toHexString
FNDA:0,Strings.toHexString
DA:68,0
FNF:4
FNH:0
LF:18
LH:0
BRF:4
BRH:0
end_of_record
TN:
SF:node_modules/@openzeppelin/contracts/utils/introspection/ERC165.sol
FN:26,ERC165.supportsInterface
FNDA:0,ERC165.supportsInterface
DA:27,0
FNF:1
FNH:0
LF:1
LH:0
BRF:0
BRH:0
end_of_record
TN:
SF:node_modules/@openzeppelin/contracts/utils/math/Math.sol
FN:19,Math.max
FNDA:0,Math.max
DA:20,0
FN:26,Math.min
FNDA:32431,Math.min
DA:27,32431
FN:34,Math.average
FNDA:0,Math.average
DA:36,0
FN:45,Math.ceilDiv
FNDA:0,Math.ceilDiv
DA:47,0
FN:55,Math.mulDiv
FNDA:4167,Math.mulDiv
DA:64,4167
DA:65,4167
DA:68,4167
DA:69,4167
DA:73,4167
BRDA:73,0,0,-
BRDA:73,0,1,4128
DA:74,4128
DA:78,39
BRDA:78,1,0,2
BRDA:78,1,1,37
DA:85,37
DA:88,37
DA:91,37
DA:92,37
DA:99,37
DA:102,37
DA:105,37
DA:108,37
DA:112,37
DA:117,37
DA:121,37
DA:122,37
DA:123,37
DA:124,37
DA:125,37
DA:126,37
DA:132,37
DA:133,37
FN:140,Math.mulDiv
FNDA:0,Math.mulDiv
DA:146,0
DA:147,0
BRDA:147,2,0,-
BRDA:147,2,1,-
DA:148,0
DA:150,0
FN:158,Math.sqrt
FNDA:32431,Math.sqrt
DA:159,32431
BRDA:159,3,0,-
BRDA:159,3,1,32431
DA:160,0
DA:173,32431
DA:180,32431
DA:181,32431
DA:182,32431
DA:183,32431
DA:184,32431
DA:185,32431
DA:186,32431
DA:187,32431
FN:194,Math.sqrt
FNDA:0,Math.sqrt
DA:196,0
DA:197,0
FN:205,Math.log2
FNDA:32431,Math.log2
DA:206,32431
DA:208,32431
BRDA:208,4,0,31519
BRDA:208,4,1,32431
DA:209,31519
DA:210,31519
DA:212,32431
BRDA:212,5,0,1941
BRDA:212,5,1,32431
DA:213,1941
DA:214,1941
DA:216,32431
BRDA:216,6,0,30601
BRDA:216,6,1,32431
DA:217,30601
DA:218,30601
DA:220,32431
BRDA:220,7,0,1990
BRDA:220,7,1,32431
DA:221,1990
DA:222,1990
DA:224,32431
BRDA:224,8,0,2113
BRDA:224,8,1,32431
DA:225,2113
DA:226,2113
DA:228,32431
BRDA:228,9,0,30394
BRDA:228,9,1,32431
DA:229,30394
DA:230,30394
DA:232,32431
BRDA:232,10,0,1913
BRDA:232,10,1,32431
DA:233,1913
DA:234,1913
DA:236,32431
BRDA:236,11,0,1985
BRDA:236,11,1,32431
DA:237,1985
DA:240,32431
FN:247,Math.log2
FNDA:0,Math.log2
DA:249,0
DA:250,0
FN:258,Math.log10
FNDA:0,Math.log10
DA:259,0
DA:261,0
BRDA:261,12,0,-
BRDA:261,12,1,-
DA:262,0
DA:263,0
DA:265,0
BRDA:265,13,0,-
BRDA:265,13,1,-
DA:266,0
DA:267,0
DA:269,0
BRDA:269,14,0,-
BRDA:269,14,1,-
DA:270,0
DA:271,0
DA:273,0
BRDA:273,15,0,-
BRDA:273,15,1,-
DA:274,0
DA:275,0
DA:277,0
BRDA:277,16,0,-
BRDA:277,16,1,-
DA:278,0
DA:279,0
DA:281,0
BRDA:281,17,0,-
BRDA:281,17,1,-
DA:282,0
DA:283,0
DA:285,0
BRDA:285,18,0,-
BRDA:285,18,1,-
DA:286,0
DA:289,0
FN:296,Math.log10
FNDA:0,Math.log10
DA:298,0
DA:299,0
FN:309,Math.log256
FNDA:0,Math.log256
DA:310,0
DA:312,0
BRDA:312,19,0,-
BRDA:312,19,1,-
DA:313,0
DA:314,0
DA:316,0
BRDA:316,20,0,-
BRDA:316,20,1,-
DA:317,0
DA:318,0
DA:320,0
BRDA:320,21,0,-
BRDA:320,21,1,-
DA:321,0
DA:322,0
DA:324,0
BRDA:324,22,0,-
BRDA:324,22,1,-
DA:325,0
DA:326,0
DA:328,0
BRDA:328,23,0,-
BRDA:328,23,1,-
DA:329,0
DA:332,0
FN:339,Math.log256
FNDA:0,Math.log256
DA:341,0
DA:342,0
FNF:14
FNH:4
LF:115
LH:61
BRF:48
BRH:20
end_of_record
TN:
SF:node_modules/abdk-libraries-solidity/ABDKMath64x64.sol
FN:34,ABDKMath64x64.fromInt
FNDA:0,ABDKMath64x64.fromInt
DA:36,0
BRDA:36,0,0,-
BRDA:36,0,1,-
DA:37,0
FN:48,ABDKMath64x64.toInt
FNDA:0,ABDKMath64x64.toInt
DA:50,0
FN:61,ABDKMath64x64.fromUInt
FNDA:0,ABDKMath64x64.fromUInt
DA:63,0
BRDA:63,1,0,-
BRDA:63,1,1,-
DA:64,0
FN:75,ABDKMath64x64.toUInt
FNDA:0,ABDKMath64x64.toUInt
DA:77,0
BRDA:77,2,0,-
BRDA:77,2,1,-
DA:78,0
FN:89,ABDKMath64x64.from128x128
FNDA:0,ABDKMath64x64.from128x128
DA:91,0
DA:92,0
BRDA:92,3,0,-
BRDA:92,3,1,-
DA:93,0
FN:104,ABDKMath64x64.to128x128
FNDA:0,ABDKMath64x64.to128x128
DA:106,0
FN:117,ABDKMath64x64.add
FNDA:0,ABDKMath64x64.add
DA:119,0
DA:120,0
BRDA:120,4,0,-
BRDA:120,4,1,-
DA:121,0
FN:132,ABDKMath64x64.sub
FNDA:33323,ABDKMath64x64.sub
DA:134,33323
DA:135,33323
BRDA:135,5,0,-
BRDA:135,5,1,33323
DA:136,33323
FN:147,ABDKMath64x64.mul
FNDA:94733,ABDKMath64x64.mul
DA:149,94733
DA:150,94733
BRDA:150,6,0,-
BRDA:150,6,1,94733
DA:151,94733
FN:163,ABDKMath64x64.muli
FNDA:174482,ABDKMath64x64.muli
DA:165,174482
BRDA:165,7,0,-
BRDA:165,7,1,-
DA:166,0
BRDA:166,8,0,-
BRDA:166,8,1,-
DA:168,0
DA:170,174482
DA:171,174482
BRDA:171,9,0,92248
BRDA:171,9,1,174482
DA:172,92248
DA:173,92248
DA:175,174482
BRDA:175,10,0,6
BRDA:175,10,1,174482
DA:176,6
DA:177,6
DA:179,174482
DA:180,173996
BRDA:180,11,0,-
BRDA:180,11,1,92248
DA:181,92248
BRDA:181,12,0,-
BRDA:181,12,1,92248
DA:183,92248
DA:185,81748
BRDA:185,13,0,9
BRDA:185,13,1,81739
DA:187,81739
FN:201,ABDKMath64x64.mulu
FNDA:174482,ABDKMath64x64.mulu
DA:203,174482
BRDA:203,14,0,-
BRDA:203,14,1,174482
DA:205,174482
BRDA:205,15,0,-
BRDA:205,15,1,174482
DA:207,174482
DA:208,174482
DA:210,174482
BRDA:210,16,0,486
BRDA:210,16,1,173996
DA:211,173996
DA:213,173996
BRDA:213,17,0,-
BRDA:213,17,1,173996
DA:215,173996
FN:227,ABDKMath64x64.div
FNDA:0,ABDKMath64x64.div
DA:229,0
BRDA:229,18,0,-
BRDA:229,18,1,-
DA:230,0
DA:231,0
BRDA:231,19,0,-
BRDA:231,19,1,-
DA:232,0
FN:244,ABDKMath64x64.divi
FNDA:5693,ABDKMath64x64.divi
DA:246,5693
BRDA:246,20,0,-
BRDA:246,20,1,5693
DA:248,5693
DA:249,5693
BRDA:249,21,0,-
BRDA:249,21,1,5693
DA:250,0
DA:251,0
DA:253,5693
BRDA:253,22,0,-
BRDA:253,22,1,5693
DA:254,0
DA:255,0
DA:257,5693
DA:258,5689
BRDA:258,23,0,-
BRDA:258,23,1,-
DA:259,0
BRDA:259,24,0,-
BRDA:259,24,1,-
DA:260,0
DA:262,5689
BRDA:262,25,0,1
BRDA:262,25,1,5688
DA:263,5688
FN:276,ABDKMath64x64.divu
FNDA:66646,ABDKMath64x64.divu
DA:278,66646
BRDA:278,26,0,-
BRDA:278,26,1,66646
DA:279,66646
DA:280,66646
BRDA:280,27,0,-
BRDA:280,27,1,66646
DA:281,66646
FN:291,ABDKMath64x64.neg
FNDA:0,ABDKMath64x64.neg
DA:293,0
BRDA:293,28,0,-
BRDA:293,28,1,-
DA:294,0
FN:304,ABDKMath64x64.abs
FNDA:0,ABDKMath64x64.abs
DA:306,0
BRDA:306,29,0,-
BRDA:306,29,1,-
DA:307,0
FN:318,ABDKMath64x64.inv
FNDA:0,ABDKMath64x64.inv
DA:320,0
BRDA:320,30,0,-
BRDA:320,30,1,-
DA:321,0
DA:322,0
BRDA:322,31,0,-
BRDA:322,31,1,-
DA:323,0
FN:334,ABDKMath64x64.avg
FNDA:0,ABDKMath64x64.avg
DA:336,0
FN:348,ABDKMath64x64.gavg
FNDA:0,ABDKMath64x64.gavg
DA:350,0
DA:351,0
BRDA:351,32,0,-
BRDA:351,32,1,-
DA:352,0
BRDA:352,33,0,-
BRDA:352,33,1,-
DA:354,0
FN:366,ABDKMath64x64.pow
FNDA:0,ABDKMath64x64.pow
DA:368,0
DA:370,0
DA:371,0
DA:372,0
DA:374,0
BRDA:374,34,0,-
BRDA:374,34,1,-
DA:375,0
DA:376,0
DA:377,0
BRDA:377,35,0,-
BRDA:377,35,1,-
DA:378,0
DA:380,0
DA:382,0
BRDA:382,36,0,-
BRDA:382,36,1,-
DA:383,0
DA:385,0
DA:387,0
BRDA:387,37,0,-
BRDA:387,37,1,-
DA:388,0
DA:390,0
DA:392,0
BRDA:392,38,0,-
BRDA:392,38,1,-
DA:393,0
DA:395,0
DA:397,0
DA:400,0
DA:402,0
DA:403,0
BRDA:403,39,0,-
BRDA:403,39,1,-
DA:404,0
BRDA:404,40,0,-
BRDA:404,40,1,-
DA:405,0
BRDA:405,41,0,-
BRDA:405,41,1,-
DA:406,0
BRDA:406,42,0,-
BRDA:406,42,1,-
DA:407,0
BRDA:407,43,0,-
BRDA:407,43,1,-
DA:408,0
BRDA:408,44,0,-
BRDA:408,44,1,-
DA:410,0
DA:411,0
DA:412,0
BRDA:412,45,0,-
BRDA:412,45,1,-
DA:414,0
BRDA:414,46,0,-
BRDA:414,46,1,-
DA:415,0
DA:416,0
DA:417,0
BRDA:417,47,0,-
BRDA:417,47,1,-
DA:418,0
DA:419,0
DA:422,0
DA:423,0
DA:424,0
BRDA:424,48,0,-
BRDA:424,48,1,-
DA:425,0
DA:426,0
DA:429,0
DA:432,0
BRDA:432,49,0,-
BRDA:432,49,1,-
DA:433,0
DA:435,0
DA:436,0
BRDA:436,50,0,-
BRDA:436,50,1,-
DA:437,0
FN:447,ABDKMath64x64.sqrt
FNDA:0,ABDKMath64x64.sqrt
DA:449,0
BRDA:449,51,0,-
BRDA:449,51,1,-
DA:450,0
FN:460,ABDKMath64x64.log_2
FNDA:0,ABDKMath64x64.log_2
DA:462,0
BRDA:462,52,0,-
BRDA:462,52,1,-
DA:464,0
DA:465,0
DA:466,0
BRDA:466,53,0,-
BRDA:466,53,1,-
DA:467,0
BRDA:467,54,0,-
BRDA:467,54,1,-
DA:468,0
BRDA:468,55,0,-
BRDA:468,55,1,-
DA:469,0
BRDA:469,56,0,-
BRDA:469,56,1,-
DA:470,0
BRDA:470,57,0,-
BRDA:470,57,1,-
DA:471,0
BRDA:471,58,0,-
BRDA:471,58,1,-
DA:472,0
BRDA:472,59,0,-
BRDA:472,59,1,-
DA:474,0
DA:475,0
DA:476,0
DA:477,0
DA:478,0
DA:479,0
DA:480,0
DA:483,0
FN:493,ABDKMath64x64.ln
FNDA:0,ABDKMath64x64.ln
DA:495,0
BRDA:495,60,0,-
BRDA:495,60,1,-
DA:497,0
FN:508,ABDKMath64x64.exp_2
FNDA:0,ABDKMath64x64.exp_2
DA:510,0
BRDA:510,61,0,-
BRDA:510,61,1,-
DA:512,0
BRDA:512,62,0,-
BRDA:512,62,1,-
DA:514,0
DA:516,0
BRDA:516,63,0,-
BRDA:516,63,1,-
DA:517,0
DA:518,0
BRDA:518,64,0,-
BRDA:518,64,1,-
DA:519,0
DA:520,0
BRDA:520,65,0,-
BRDA:520,65,1,-
DA:521,0
DA:522,0
BRDA:522,66,0,-
BRDA:522,66,1,-
DA:523,0
DA:524,0
BRDA:524,67,0,-
BRDA:524,67,1,-
DA:525,0
DA:526,0
BRDA:526,68,0,-
BRDA:526,68,1,-
DA:527,0
DA:528,0
BRDA:528,69,0,-
BRDA:528,69,1,-
DA:529,0
DA:530,0
BRDA:530,70,0,-
BRDA:530,70,1,-
DA:531,0
DA:532,0
BRDA:532,71,0,-
BRDA:532,71,1,-
DA:533,0
DA:534,0
BRDA:534,72,0,-
BRDA:534,72,1,-
DA:535,0
DA:536,0
BRDA:536,73,0,-
BRDA:536,73,1,-
DA:537,0
DA:538,0
BRDA:538,74,0,-
BRDA:538,74,1,-
DA:539,0
DA:540,0
BRDA:540,75,0,-
BRDA:540,75,1,-
DA:541,0
DA:542,0
BRDA:542,76,0,-
BRDA:542,76,1,-
DA:543,0
DA:544,0
BRDA:544,77,0,-
BRDA:544,77,1,-
DA:545,0
DA:546,0
BRDA:546,78,0,-
BRDA:546,78,1,-
DA:547,0
DA:548,0
BRDA:548,79,0,-
BRDA:548,79,1,-
DA:549,0
DA:550,0
BRDA:550,80,0,-
BRDA:550,80,1,-
DA:551,0
DA:552,0
BRDA:552,81,0,-
BRDA:552,81,1,-
DA:553,0
DA:554,0
BRDA:554,82,0,-
BRDA:554,82,1,-
DA:555,0
DA:556,0
BRDA:556,83,0,-
BRDA:556,83,1,-
DA:557,0
DA:558,0
BRDA:558,84,0,-
BRDA:558,84,1,-
DA:559,0
DA:560,0
BRDA:560,85,0,-
BRDA:560,85,1,-
DA:561,0
DA:562,0
BRDA:562,86,0,-
BRDA:562,86,1,-
DA:563,0
DA:564,0
BRDA:564,87,0,-
BRDA:564,87,1,-
DA:565,0
DA:566,0
BRDA:566,88,0,-
BRDA:566,88,1,-
DA:567,0
DA:568,0
BRDA:568,89,0,-
BRDA:568,89,1,-
DA:569,0
DA:570,0
BRDA:570,90,0,-
BRDA:570,90,1,-
DA:571,0
DA:572,0
BRDA:572,91,0,-
BRDA:572,91,1,-
DA:573,0
DA:574,0
BRDA:574,92,0,-
BRDA:574,92,1,-
DA:575,0
DA:576,0
BRDA:576,93,0,-
BRDA:576,93,1,-
DA:577,0
DA:578,0
BRDA:578,94,0,-
BRDA:578,94,1,-
DA:579,0
DA:580,0
BRDA:580,95,0,-
BRDA:580,95,1,-
DA:581,0
DA:582,0
BRDA:582,96,0,-
BRDA:582,96,1,-
DA:583,0
DA:584,0
BRDA:584,97,0,-
BRDA:584,97,1,-
DA:585,0
DA:586,0
BRDA:586,98,0,-
BRDA:586,98,1,-
DA:587,0
DA:588,0
BRDA:588,99,0,-
BRDA:588,99,1,-
DA:589,0
DA:590,0
BRDA:590,100,0,-
BRDA:590,100,1,-
DA:591,0
DA:592,0
BRDA:592,101,0,-
BRDA:592,101,1,-
DA:593,0
DA:594,0
BRDA:594,102,0,-
BRDA:594,102,1,-
DA:595,0
DA:596,0
BRDA:596,103,0,-
BRDA:596,103,1,-
DA:597,0
DA:598,0
BRDA:598,104,0,-
BRDA:598,104,1,-
DA:599,0
DA:600,0
BRDA:600,105,0,-
BRDA:600,105,1,-
DA:601,0
DA:602,0
BRDA:602,106,0,-
BRDA:602,106,1,-
DA:603,0
DA:604,0
BRDA:604,107,0,-
BRDA:604,107,1,-
DA:605,0
DA:606,0
BRDA:606,108,0,-
BRDA:606,108,1,-
DA:607,0
DA:608,0
BRDA:608,109,0,-
BRDA:608,109,1,-
DA:609,0
DA:610,0
BRDA:610,110,0,-
BRDA:610,110,1,-
DA:611,0
DA:612,0
BRDA:612,111,0,-
BRDA:612,111,1,-
DA:613,0
DA:614,0
BRDA:614,112,0,-
BRDA:614,112,1,-
DA:615,0
DA:616,0
BRDA:616,113,0,-
BRDA:616,113,1,-
DA:617,0
DA:618,0
BRDA:618,114,0,-
BRDA:618,114,1,-
DA:619,0
DA:620,0
BRDA:620,115,0,-
BRDA:620,115,1,-
DA:621,0
DA:622,0
BRDA:622,116,0,-
BRDA:622,116,1,-
DA:623,0
DA:624,0
BRDA:624,117,0,-
BRDA:624,117,1,-
DA:625,0
DA:626,0
BRDA:626,118,0,-
BRDA:626,118,1,-
DA:627,0
DA:628,0
BRDA:628,119,0,-
BRDA:628,119,1,-
DA:629,0
DA:630,0
BRDA:630,120,0,-
BRDA:630,120,1,-
DA:631,0
DA:632,0
BRDA:632,121,0,-
BRDA:632,121,1,-
DA:633,0
DA:634,0
BRDA:634,122,0,-
BRDA:634,122,1,-
DA:635,0
DA:636,0
BRDA:636,123,0,-
BRDA:636,123,1,-
DA:637,0
DA:638,0
BRDA:638,124,0,-
BRDA:638,124,1,-
DA:639,0
DA:640,0
BRDA:640,125,0,-
BRDA:640,125,1,-
DA:641,0
DA:642,0
BRDA:642,126,0,-
BRDA:642,126,1,-
DA:643,0
DA:645,0
DA:646,0
BRDA:646,127,0,-
BRDA:646,127,1,-
DA:648,0
FN:658,ABDKMath64x64.exp
FNDA:0,ABDKMath64x64.exp
DA:660,0
BRDA:660,128,0,-
BRDA:660,128,1,-
DA:662,0
BRDA:662,129,0,-
BRDA:662,129,1,-
DA:664,0
FN:677,ABDKMath64x64.divuu
FNDA:72339,ABDKMath64x64.divuu
DA:679,72339
BRDA:679,130,0,-
BRDA:679,130,1,72339
DA:681,72339
DA:683,72339
BRDA:683,131,0,-
BRDA:683,131,1,72338
DA:684,72338
DA:686,1
DA:687,1
DA:688,1
BRDA:688,132,0,-
BRDA:688,132,1,1
DA:689,1
BRDA:689,133,0,-
BRDA:689,133,1,1
DA:690,1
BRDA:690,134,0,-
BRDA:690,134,1,1
DA:691,1
BRDA:691,135,0,-
BRDA:691,135,1,1
DA:692,1
BRDA:692,136,0,-
BRDA:692,136,1,1
DA:693,1
BRDA:693,137,0,1
BRDA:693,137,1,1
DA:695,1
DA:696,1
BRDA:696,138,0,1
BRDA:696,138,1,-
DA:698,0
DA:699,0
DA:701,0
DA:702,0
DA:704,0
BRDA:704,139,0,-
BRDA:704,139,1,-
DA:705,0
DA:706,0
DA:707,0
BRDA:707,140,0,-
BRDA:707,140,1,-
DA:708,0
DA:710,0
DA:713,72338
BRDA:713,141,0,3
BRDA:713,141,1,72335
DA:714,72335
FN:725,ABDKMath64x64.sqrtu
FNDA:0,ABDKMath64x64.sqrtu
DA:727,0
BRDA:727,142,0,-
BRDA:727,142,1,-
DA:729,0
DA:730,0
DA:731,0
BRDA:731,143,0,-
BRDA:731,143,1,-
DA:732,0
BRDA:732,144,0,-
BRDA:732,144,1,-
DA:733,0
BRDA:733,145,0,-
BRDA:733,145,1,-
DA:734,0
BRDA:734,146,0,-
BRDA:734,146,1,-
DA:735,0
BRDA:735,147,0,-
BRDA:735,147,1,-
DA:736,0
BRDA:736,148,0,-
BRDA:736,148,1,-
DA:737,0
BRDA:737,149,0,-
BRDA:737,149,1,-
DA:738,0
DA:739,0
DA:740,0
DA:741,0
DA:742,0
DA:743,0
DA:744,0
DA:745,0
DA:746,0
FNF:27
FNH:7
LF:331
LH:56
BRF:300
BRH:34
end_of_record
TN:
SF:src/mocks/ConstantSum.sol
FN:28,ConstantSum.swapGivenInputAmount
FNDA:0,ConstantSum.swapGivenInputAmount
DA:34,0
FN:41,ConstantSum.depositGivenInputAmount
FNDA:0,ConstantSum.depositGivenInputAmount
DA:47,0
FN:50,ConstantSum.withdrawGivenInputAmount
FNDA:0,ConstantSum.withdrawGivenInputAmount
DA:56,0
FN:59,ConstantSum.swapGivenOutputAmount
FNDA:0,ConstantSum.swapGivenOutputAmount
DA:65,0
FN:68,ConstantSum.depositGivenOutputAmount
FNDA:0,ConstantSum.depositGivenOutputAmount
DA:74,0
FN:77,ConstantSum.withdrawGivenOutputAmount
FNDA:0,ConstantSum.withdrawGivenOutputAmount
DA:83,0
FNF:6
FNH:0
LF:6
LH:0
BRF:0
BRH:0
end_of_record
TN:
SF:src/mocks/ERC20MintsToDeployer.sol
FN:16,ERC20MintsToDeployer.decimals
FNDA:6148,ERC20MintsToDeployer.decimals
DA:17,6148
FNF:1
FNH:1
LF:1
LH:1
BRF:0
BRH:0
end_of_record
TN:
SF:src/mocks/Forwarder.sol
FN:9,Forwarder.singlePassthrough
FNDA:0,Forwarder.singlePassthrough
DA:13,0
DA:17,0
FN:20,Forwarder.multiplePassthrough
FNDA:0,Forwarder.multiplePassthrough
DA:25,0
DA:30,0
FNF:2
FNH:0
LF:4
LH:0
BRF:0
BRH:0
end_of_record
TN:
SF:src/mocks/LiquidityPool.sol
FN:165,LiquidityPool.computeOutputAmount
FNDA:0,LiquidityPool.computeOutputAmount
DA:172,0
DA:174,0
BRDA:174,0,0,-
BRDA:174,0,1,-
DA:175,0
DA:181,0
DA:183,0
DA:190,0
BRDA:190,1,0,-
BRDA:190,1,1,-
DA:192,0
DA:194,0
DA:202,0
BRDA:202,2,0,-
BRDA:202,2,1,-
DA:204,0
DA:208,0
DA:210,0
DA:221,0
BRDA:221,3,0,-
BRDA:221,3,1,-
DA:223,0
DA:227,0
DA:229,0
DA:239,0
BRDA:239,4,0,-
BRDA:239,4,1,-
FN:260,LiquidityPool.computeInputAmount
FNDA:0,LiquidityPool.computeInputAmount
DA:267,0
DA:269,0
BRDA:269,5,0,-
BRDA:269,5,1,-
DA:271,0
DA:273,0
DA:281,0
BRDA:281,6,0,-
BRDA:281,6,1,-
DA:283,0
DA:287,0
DA:289,0
DA:300,0
BRDA:300,7,0,-
BRDA:300,7,1,-
DA:302,0
DA:306,0
DA:308,0
DA:318,0
BRDA:318,8,0,-
BRDA:318,8,1,-
DA:319,0
BRDA:319,9,0,-
BRDA:319,9,1,-
FN:329,LiquidityPool.getTokenSupply
FNDA:0,LiquidityPool.getTokenSupply
DA:335,0
BRDA:335,10,0,-
BRDA:335,10,1,-
DA:336,0
FN:398,LiquidityPool._getBalances
FNDA:0,LiquidityPool._getBalances
DA:403,0
DA:404,0
DA:406,0
DA:407,0
DA:408,0
DA:410,0
DA:411,0
FN:418,LiquidityPool._getTotalSupply
FNDA:0,LiquidityPool._getTotalSupply
DA:419,0
FN:426,LiquidityPool._handleInitialMints
FNDA:0,LiquidityPool._handleInitialMints
DA:432,0
BRDA:432,11,0,-
BRDA:432,11,1,-
DA:433,0
BRDA:433,12,0,-
BRDA:433,12,1,-
DA:434,0
BRDA:434,13,0,-
BRDA:434,13,1,-
DA:435,0
DA:437,0
BRDA:437,14,0,-
BRDA:437,14,1,-
DA:438,0
BRDA:438,15,0,-
BRDA:438,15,1,-
DA:439,0
BRDA:439,16,0,-
BRDA:439,16,1,-
DA:441,0
DA:443,0
DA:444,0
BRDA:444,17,0,-
BRDA:444,17,1,-
DA:445,0
BRDA:445,18,0,-
BRDA:445,18,1,-
DA:446,0
BRDA:446,19,0,-
BRDA:446,19,1,-
DA:447,0
BRDA:447,20,0,-
BRDA:447,20,1,-
DA:449,0
DA:451,0
DA:453,0
BRDA:453,21,0,-
BRDA:453,21,1,-
DA:458,0
BRDA:458,22,0,-
BRDA:458,22,1,-
DA:460,0
DA:462,0
FN:473,LiquidityPool._determineComputeType
FNDA:0,LiquidityPool._determineComputeType
DA:479,0
BRDA:478,23,0,-
BRDA:478,23,1,-
DA:482,0
DA:484,0
BRDA:483,24,0,-
BRDA:483,24,1,-
DA:487,0
DA:489,0
BRDA:488,25,0,-
BRDA:488,25,1,-
DA:492,0
DA:494,0
FNF:7
FNH:0
LF:67
LH:0
BRF:52
BRH:0
end_of_record
TN:
SF:src/mocks/Receive1155.sol
FN:9,Receive1155.supportsInterface
FNDA:0,Receive1155.supportsInterface
DA:16,0
FN:19,Receive1155.onERC1155Received
FNDA:0,Receive1155.onERC1155Received
DA:26,0
BRDA:26,0,0,-
BRDA:26,0,1,-
DA:27,0
DA:28,0
BRDA:28,1,0,-
BRDA:28,1,1,-
DA:29,0
DA:31,0
FN:35,Receive1155.onERC1155BatchReceived
FNDA:0,Receive1155.onERC1155BatchReceived
DA:42,0
BRDA:42,2,0,-
BRDA:42,2,1,-
DA:43,0
DA:44,0
BRDA:44,3,0,-
BRDA:44,3,1,-
DA:45,0
DA:47,0
FNF:3
FNH:0
LF:11
LH:0
BRF:8
BRH:0
end_of_record
TN:
SF:src/ocean/BalanceDelta.sol
FN:71,LibBalanceDelta.increaseBalanceDelta
FNDA:0,LibBalanceDelta.increaseBalanceDelta
DA:76,0
DA:77,0
DA:78,0
FN:84,LibBalanceDelta.decreaseBalanceDelta
FNDA:0,LibBalanceDelta.decreaseBalanceDelta
DA:89,0
DA:90,0
DA:91,0
FN:134,LibBalanceDelta.getBalanceDelta
FNDA:0,LibBalanceDelta.getBalanceDelta
DA:140,0
DA:141,0
DA:142,0
DA:143,0
DA:144,0
BRDA:139,0,0,-
BRDA:139,0,1,-
DA:146,0
DA:149,0
FN:176,LibBalanceDelta.createMintAndBurnArrays
FNDA:0,LibBalanceDelta.createMintAndBurnArrays
DA:186,0
DA:190,0
DA:191,0
DA:193,0
DA:194,0
DA:196,0
FN:214,LibBalanceDelta._getMintsAndBurns
FNDA:0,LibBalanceDelta._getMintsAndBurns
DA:219,0
DA:220,0
DA:221,0
DA:222,0
BRDA:222,1,0,-
BRDA:222,1,1,-
DA:223,0
DA:224,0
BRDA:224,2,0,-
BRDA:224,2,1,-
DA:225,0
DA:227,0
DA:230,0
BRDA:230,3,0,-
BRDA:230,3,1,-
FN:240,LibBalanceDelta._copyDeltasToMintAndBurnArrays
FNDA:0,LibBalanceDelta._copyDeltasToMintAndBurnArrays
DA:247,0
DA:248,0
DA:249,0
DA:250,0
DA:251,0
BRDA:251,4,0,-
BRDA:251,4,1,-
DA:252,0
DA:253,0
DA:254,0
DA:255,0
BRDA:255,5,0,-
BRDA:255,5,1,-
DA:256,0
DA:257,0
DA:258,0
DA:261,0
BRDA:261,6,0,-
BRDA:261,6,1,-
FN:273,LibBalanceDelta._getPositiveBalanceDelta
FNDA:0,LibBalanceDelta._getPositiveBalanceDelta
DA:277,0
DA:278,0
DA:279,0
BRDA:279,7,0,-
BRDA:279,7,1,-
DA:280,0
FN:290,LibBalanceDelta._getNegativeBalanceDelta
FNDA:0,LibBalanceDelta._getNegativeBalanceDelta
DA:294,0
DA:295,0
DA:296,0
BRDA:296,8,0,-
BRDA:296,8,1,-
DA:297,0
FN:305,LibBalanceDelta._findIndexOfTokenId
FNDA:0,LibBalanceDelta._findIndexOfTokenId
DA:310,0
DA:311,0
BRDA:311,9,0,-
BRDA:311,9,1,-
DA:312,0
DA:315,0
FNF:9
FNH:0
LF:53
LH:0
BRF:20
BRH:0
end_of_record
TN:
SF:src/ocean/ERC1155PermitSignatureExtension.sol
FN:32,ERC1155PermitSignatureExtension.setPermitForAll
FNDA:0,ERC1155PermitSignatureExtension.setPermitForAll
DA:41,0
BRDA:41,0,0,-
BRDA:41,0,1,-
DA:42,0
BRDA:42,1,0,-
BRDA:42,1,1,-
DA:43,0
DA:59,0
DA:60,0
BRDA:60,2,0,-
BRDA:60,2,1,-
DA:61,0
FNF:1
FNH:0
LF:6
LH:0
BRF:6
BRH:0
end_of_record
TN:
SF:src/ocean/Ocean.sol
FN:223,Ocean.changeUnwrapFee
FNDA:0,Ocean.changeUnwrapFee
DA:229,0
BRDA:229,0,0,-
BRDA:229,0,1,-
DA:230,0
DA:235,0
FN:246,Ocean.doInteraction
FNDA:0,Ocean.doInteraction
DA:257,0
DA:258,0
FN:271,Ocean.doMultipleInteractions
FNDA:0,Ocean.doMultipleInteractions
DA:286,0
DA:287,0
FN:300,Ocean.forwardedDoInteraction
FNDA:0,Ocean.forwardedDoInteraction
DA:315,0
DA:316,0
FN:331,Ocean.forwardedDoMultipleInteractions
FNDA:0,Ocean.forwardedDoMultipleInteractions
DA:348,0
DA:353,0
FN:360,Ocean.supportsInterface
FNDA:0,Ocean.supportsInterface
DA:367,0
DA:368,0
DA:369,0
FN:372,Ocean.onERC721Received
FNDA:0,Ocean.onERC721Received
DA:378,0
BRDA:378,1,0,-
BRDA:378,1,1,-
DA:379,0
DA:381,0
FN:394,Ocean.onERC1155Received
FNDA:0,Ocean.onERC1155Received
DA:401,0
BRDA:401,2,0,-
BRDA:401,2,1,-
DA:402,0
DA:404,0
FN:416,Ocean.onERC1155BatchReceived
FNDA:0,Ocean.onERC1155BatchReceived
DA:423,0
FN:438,Ocean._doInteraction
FNDA:0,Ocean._doInteraction
DA:451,0
DA:454,0
DA:460,0
DA:471,0
DA:487,0
BRDA:487,3,0,-
BRDA:487,3,1,-
DA:489,0
DA:494,0
BRDA:494,4,0,-
BRDA:494,4,1,-
DA:496,0
FN:513,Ocean._doMultipleInteractions
FNDA:0,Ocean._doMultipleInteractions
DA:528,0
DA:529,0
DA:530,0
DA:537,0
BRDA:537,5,0,-
BRDA:537,5,1,-
DA:541,0
DA:542,0
DA:558,0
DA:562,0
DA:563,0
DA:564,0
DA:566,0
DA:569,0
DA:572,0
DA:582,0
DA:583,0
BRDA:583,6,0,-
BRDA:583,6,1,-
DA:584,0
DA:589,0
DA:592,0
DA:597,0
DA:607,0
BRDA:607,7,0,-
BRDA:607,7,1,-
DA:609,0
DA:613,0
BRDA:613,8,0,-
BRDA:613,8,1,-
DA:615,0
DA:627,0
DA:635,0
BRDA:635,9,0,-
BRDA:635,9,1,-
DA:638,0
DA:639,0
BRDA:639,10,0,-
BRDA:639,10,1,-
DA:641,0
DA:645,0
BRDA:645,11,0,-
BRDA:645,11,1,-
DA:648,0
DA:649,0
BRDA:649,12,0,-
BRDA:649,12,1,-
DA:651,0
FN:678,Ocean._executeInteraction
FNDA:0,Ocean._executeInteraction
DA:694,0
BRDA:694,13,0,-
BRDA:694,13,1,-
DA:695,0
DA:696,0
DA:697,0
DA:698,0
DA:706,0
BRDA:706,14,0,-
BRDA:706,14,1,-
DA:707,0
DA:708,0
DA:709,0
DA:710,0
DA:718,0
BRDA:718,15,0,-
BRDA:718,15,1,-
DA:719,0
DA:720,0
DA:721,0
DA:722,0
DA:723,0
DA:729,0
BRDA:729,16,0,-
BRDA:729,16,1,-
DA:730,0
DA:731,0
DA:732,0
DA:733,0
DA:734,0
DA:740,0
BRDA:740,17,0,-
BRDA:740,17,1,-
DA:746,0
BRDA:746,18,0,-
BRDA:746,18,1,-
DA:747,0
DA:748,0
DA:749,0
DA:750,0
DA:751,0
DA:757,0
BRDA:757,19,0,-
BRDA:757,19,1,-
DA:759,0
BRDA:759,20,0,-
BRDA:759,20,1,-
DA:760,0
DA:761,0
DA:762,0
DA:763,0
DA:764,0
DA:770,0
BRDA:770,21,0,-
BRDA:770,21,1,-
DA:771,0
DA:772,0
DA:773,0
DA:774,0
DA:775,0
DA:782,0
BRDA:782,22,0,-
BRDA:782,22,1,-
DA:783,0
DA:784,0
DA:785,0
DA:786,0
DA:787,0
DA:795,0
BRDA:795,23,0,-
BRDA:795,23,1,-
DA:799,0
DA:800,0
DA:801,0
DA:802,0
DA:803,0
FN:813,Ocean._unpackInteractionTypeAndAddress
FNDA:0,Ocean._unpackInteractionTypeAndAddress
DA:818,0
DA:820,0
DA:821,0
FN:832,Ocean._getSpecifiedToken
FNDA:0,Ocean._getSpecifiedToken
DA:838,0
DA:839,0
BRDA:837,24,0,-
BRDA:837,24,1,-
DA:841,0
DA:843,0
DA:844,0
DA:845,0
DA:846,0
BRDA:842,25,0,-
BRDA:842,25,1,-
DA:848,0
DA:852,0
BRDA:852,26,0,-
BRDA:852,26,1,-
DA:853,0
DA:854,0
BRDA:854,27,0,-
BRDA:854,27,1,-
DA:855,0
DA:857,0
BRDA:857,28,0,-
BRDA:857,28,1,-
DA:858,0
FN:881,Ocean._computeOutputAmount
FNDA:0,Ocean._computeOutputAmount
DA:889,0
DA:897,0
DA:905,0
FN:934,Ocean._computeInputAmount
FNDA:0,Ocean._computeInputAmount
DA:942,0
DA:950,0
DA:958,0
FN:980,Ocean._erc20Wrap
FNDA:0,Ocean._erc20Wrap
DA:986,0
FN:1041,Ocean._erc20Unwrap
FNDA:0,Ocean._erc20Unwrap
DA:1047,0
FN:1085,Ocean._erc721Wrap
FNDA:0,Ocean._erc721Wrap
DA:1091,0
DA:1092,0
DA:1097,0
DA:1098,0
FN:1108,Ocean._erc721Unwrap
FNDA:0,Ocean._erc721Unwrap
DA:1114,0
DA:1119,0
FN:1134,Ocean._erc1155Wrap
FNDA:0,Ocean._erc1155Wrap
DA:1141,0
BRDA:1141,29,0,-
BRDA:1141,29,1,-
DA:1142,0
DA:1143,0
DA:1150,0
DA:1151,0
FN:1173,Ocean._erc1155Unwrap
FNDA:0,Ocean._erc1155Unwrap
DA:1180,0
BRDA:1180,30,0,-
BRDA:1180,30,1,-
DA:1181,0
DA:1182,0
DA:1183,0
DA:1184,0
DA:1191,0
FN:1207,Ocean._etherUnwrap
FNDA:0,Ocean._etherUnwrap
DA:1208,0
DA:1209,0
DA:1210,0
DA:1211,0
DA:1212,0
FN:1235,Ocean._updateBalancesOfPrimitive
FNDA:0,Ocean._updateBalancesOfPrimitive
DA:1247,0
BRDA:1246,31,0,-
BRDA:1246,31,1,-
DA:1255,0
DA:1267,0
BRDA:1266,32,0,-
BRDA:1266,32,1,-
DA:1269,0
FN:1293,Ocean._determineTransferAmount
FNDA:0,Ocean._determineTransferAmount
DA:1302,0
DA:1304,0
DA:1310,0
BRDA:1310,33,0,-
BRDA:1310,33,1,-
DA:1318,0
DA:1322,0
DA:1325,0
DA:1328,0
BRDA:1328,34,0,-
BRDA:1328,34,1,-
DA:1329,0
BRDA:1329,35,0,-
BRDA:1329,35,1,-
DA:1330,0
DA:1335,0
FN:1351,Ocean._convertDecimals
FNDA:0,Ocean._convertDecimals
DA:1356,0
BRDA:1356,36,0,-
BRDA:1356,36,1,-
DA:1358,0
DA:1359,0
DA:1360,0
BRDA:1360,37,0,-
BRDA:1360,37,1,-
DA:1362,0
DA:1363,0
DA:1364,0
DA:1367,0
DA:1368,0
DA:1369,0
FN:1382,Ocean._calculateUnwrapFee
FNDA:0,Ocean._calculateUnwrapFee
DA:1387,0
FN:1394,Ocean._grantFeeToOcean
FNDA:0,Ocean._grantFeeToOcean
DA:1395,0
BRDA:1395,38,0,-
BRDA:1395,38,1,-
DA:1397,0
FNF:28
FNH:0
LF:189
LH:0
BRF:78
BRH:0
end_of_record
TN:
SF:src/ocean/OceanERC1155.sol
FN:84,OceanERC1155.breakPermitFuse
FNDA:0,OceanERC1155.breakPermitFuse
DA:85,0
DA:86,0
FN:92,OceanERC1155.supportsInterface
FNDA:0,OceanERC1155.supportsInterface
DA:99,0
DA:100,0
DA:101,0
DA:102,0
FN:115,OceanERC1155.uri
FNDA:0,OceanERC1155.uri
DA:116,0
FN:126,OceanERC1155.balanceOf
FNDA:0,OceanERC1155.balanceOf
DA:133,0
BRDA:133,0,0,-
BRDA:133,0,1,-
DA:134,0
FN:144,OceanERC1155.balanceOfBatch
FNDA:0,OceanERC1155.balanceOfBatch
DA:151,0
BRDA:151,1,0,-
BRDA:151,1,1,-
DA:153,0
DA:155,0
DA:156,0
DA:159,0
FN:165,OceanERC1155.setApprovalForAll
FNDA:0,OceanERC1155.setApprovalForAll
DA:170,0
FN:176,OceanERC1155.isApprovedForAll
FNDA:0,OceanERC1155.isApprovedForAll
DA:183,0
FN:189,OceanERC1155.safeTransferFrom
FNDA:0,OceanERC1155.safeTransferFrom
DA:196,0
BRDA:196,2,0,-
BRDA:196,2,1,-
DA:200,0
FN:206,OceanERC1155.safeBatchTransferFrom
FNDA:0,OceanERC1155.safeBatchTransferFrom
DA:213,0
BRDA:213,3,0,-
BRDA:213,3,1,-
DA:217,0
FN:258,OceanERC1155.registerNewTokens
FNDA:0,OceanERC1155.registerNewTokens
DA:262,0
DA:263,0
DA:265,0
DA:266,0
DA:267,0
DA:268,0
DA:269,0
DA:270,0
DA:272,0
FN:275,OceanERC1155._signaturesEnabled
FNDA:0,OceanERC1155._signaturesEnabled
DA:276,0
FN:285,OceanERC1155._isNotTokenOfPrimitive
FNDA:0,OceanERC1155._isNotTokenOfPrimitive
DA:290,0
FN:307,OceanERC1155._calculateOceanId
FNDA:0,OceanERC1155._calculateOceanId
DA:312,0
FN:327,OceanERC1155._safeTransferFrom
FNDA:0,OceanERC1155._safeTransferFrom
DA:334,0
BRDA:334,4,0,-
BRDA:334,4,1,-
DA:336,0
DA:338,0
DA:339,0
BRDA:339,5,0,-
BRDA:339,5,1,-
DA:341,0
DA:343,0
DA:345,0
DA:347,0
FN:360,OceanERC1155._safeBatchTransferFrom
FNDA:0,OceanERC1155._safeBatchTransferFrom
DA:367,0
BRDA:367,6,0,-
BRDA:367,6,1,-
DA:368,0
BRDA:368,7,0,-
BRDA:368,7,1,-
DA:370,0
DA:372,0
DA:373,0
DA:374,0
DA:376,0
DA:377,0
BRDA:377,8,0,-
BRDA:377,8,1,-
DA:379,0
DA:381,0
DA:384,0
DA:386,0
FN:415,OceanERC1155._setURI
FNDA:0,OceanERC1155._setURI
DA:416,0
FN:441,OceanERC1155._mintWithoutSafeTransferAcceptanceCheck
FNDA:0,OceanERC1155._mintWithoutSafeTransferAcceptanceCheck
DA:446,0
DA:448,0
DA:449,0
DA:451,0
FN:465,OceanERC1155._mint
FNDA:0,OceanERC1155._mint
DA:470,0
BRDA:470,9,0,-
BRDA:470,9,1,-
DA:472,0
DA:478,0
FN:497,OceanERC1155._mintBatch
FNDA:0,OceanERC1155._mintBatch
DA:502,0
BRDA:502,10,0,-
BRDA:502,10,1,-
DA:503,0
BRDA:503,11,0,-
BRDA:503,11,1,-
DA:505,0
DA:507,0
DA:508,0
DA:511,0
DA:513,0
FN:531,OceanERC1155._burn
FNDA:0,OceanERC1155._burn
DA:536,0
BRDA:536,12,0,-
BRDA:536,12,1,-
DA:538,0
DA:540,0
DA:541,0
BRDA:541,13,0,-
BRDA:541,13,1,-
DA:543,0
DA:546,0
FN:556,OceanERC1155._burnBatch
FNDA:0,OceanERC1155._burnBatch
DA:561,0
BRDA:561,14,0,-
BRDA:561,14,1,-
DA:562,0
BRDA:562,15,0,-
BRDA:562,15,1,-
DA:564,0
DA:566,0
DA:567,0
DA:568,0
DA:570,0
DA:571,0
BRDA:571,16,0,-
BRDA:571,16,1,-
DA:573,0
DA:577,0
FN:585,OceanERC1155._setApprovalForAll
FNDA:0,OceanERC1155._setApprovalForAll
DA:590,0
BRDA:590,17,0,-
BRDA:590,17,1,-
DA:591,0
DA:592,0
FN:595,OceanERC1155._doSafeTransferAcceptanceCheck
FNDA:0,OceanERC1155._doSafeTransferAcceptanceCheck
DA:603,0
BRDA:603,18,0,-
BRDA:603,18,1,-
DA:605,0
FN:624,OceanERC1155._doSafeBatchTransferAcceptanceCheck
FNDA:0,OceanERC1155._doSafeBatchTransferAcceptanceCheck
DA:632,0
BRDA:632,19,0,-
BRDA:632,19,1,-
DA:634,0
FNF:24
FNH:0
LF:90
LH:0
BRF:40
BRH:0
end_of_record
TN:
SF:src/proteus/EvolvingProteus.sol
FN:243,EvolvingProteus.swapGivenInputAmount
FNDA:5961,EvolvingProteus.swapGivenInputAmount
DA:250,5961
BRDA:250,0,0,784
BRDA:250,0,1,5177
DA:254,5177
DA:260,4579
BRDA:260,1,0,-
BRDA:260,1,1,4579
DA:262,4579
DA:270,4114
BRDA:270,2,0,-
BRDA:270,2,1,4114
DA:273,4114
DA:274,4114
FN:286,EvolvingProteus.swapGivenOutputAmount
FNDA:1861,EvolvingProteus.swapGivenOutputAmount
DA:293,1861
BRDA:293,3,0,786
BRDA:293,3,1,1075
DA:296,1075
DA:302,473
BRDA:302,4,0,-
BRDA:302,4,1,473
DA:304,473
DA:313,8
BRDA:313,5,0,-
BRDA:313,5,1,8
DA:314,8
DA:317,8
FN:330,EvolvingProteus.depositGivenInputAmount
FNDA:2823,EvolvingProteus.depositGivenInputAmount
DA:338,2823
BRDA:338,6,0,223
BRDA:338,6,1,2600
DA:346,2600
BRDA:346,7,0,-
BRDA:346,7,1,2600
DA:348,2600
DA:358,2567
BRDA:358,8,0,-
BRDA:358,8,1,2567
DA:359,2567
FN:369,EvolvingProteus.depositGivenOutputAmount
FNDA:769,EvolvingProteus.depositGivenOutputAmount
DA:377,769
BRDA:377,9,0,650
BRDA:377,9,1,119
DA:385,119
BRDA:385,10,0,-
BRDA:385,10,1,119
DA:387,119
DA:397,8
BRDA:397,11,0,1
BRDA:397,11,1,7
DA:398,7
FN:409,EvolvingProteus.withdrawGivenOutputAmount
FNDA:6,EvolvingProteus.withdrawGivenOutputAmount
DA:417,6
BRDA:417,12,0,2
BRDA:417,12,1,4
DA:425,4
BRDA:425,13,0,-
BRDA:425,13,1,4
DA:427,4
DA:437,1
BRDA:437,14,0,-
BRDA:437,14,1,1
DA:438,1
FN:449,EvolvingProteus.withdrawGivenInputAmount
FNDA:1547,EvolvingProteus.withdrawGivenInputAmount
DA:457,1547
BRDA:457,15,0,-
BRDA:457,15,1,1547
DA:465,1547
BRDA:465,16,0,-
BRDA:465,16,1,1547
DA:467,1547
DA:477,1543
BRDA:477,17,0,-
BRDA:477,17,1,1543
DA:478,1543
FN:495,EvolvingProteus._swap
FNDA:5052,EvolvingProteus._swap
DA:502,5052
DA:505,5052
DA:511,5052
DA:512,5052
DA:516,5052
DA:518,4880
BRDA:518,18,0,2439
BRDA:518,18,1,2441
DA:519,2439
DA:520,2439
DA:526,2441
DA:527,2441
DA:536,4450
BRDA:536,19,0,2237
BRDA:536,19,1,2213
DA:537,2237
DA:538,2237
DA:540,2213
DA:541,2213
FN:552,EvolvingProteus._reserveTokenSpecified
FNDA:2604,EvolvingProteus._reserveTokenSpecified
DA:560,2604
DA:561,2604
DA:562,2604
DA:563,2604
DA:566,2604
BRDA:566,20,0,1304
BRDA:566,20,1,1300
DA:567,1304
DA:568,1304
DA:570,1300
DA:571,1300
DA:575,2604
DA:576,2587
DA:578,2570
DA:579,2569
BRDA:579,21,0,-
BRDA:579,21,1,2569
DA:580,2569
DA:583,2569
FN:596,EvolvingProteus._lpTokenSpecified
FNDA:1666,EvolvingProteus._lpTokenSpecified
DA:605,1666
DA:613,1584
DA:614,1584
DA:615,1584
BRDA:615,22,0,794
BRDA:615,22,1,790
DA:616,794
DA:622,790
DA:629,1580
BRDA:629,23,0,791
BRDA:629,23,1,789
DA:630,791
DA:631,788
DA:633,789
DA:634,782
FN:641,EvolvingProteus._getUtilityFinalLp
FNDA:1665,EvolvingProteus._getUtilityFinalLp
DA:647,1665
BRDA:647,24,0,-
BRDA:647,24,1,1665
DA:648,1665
DA:649,1584
DA:650,1584
BRDA:650,25,0,-
BRDA:650,25,1,1584
DA:651,1584
DA:652,1584
FN:670,EvolvingProteus._findFinalPoint
FNDA:6464,EvolvingProteus._findFinalPoint
DA:677,6464
FN:690,EvolvingProteus._getUtility
FNDA:33323,EvolvingProteus._getUtility
DA:695,33323
DA:696,33323
DA:698,33323
DA:699,33323
DA:701,33323
DA:702,33323
DA:703,32828
DA:705,30838
DA:706,30705
DA:707,30705
DA:709,30705
BRDA:709,26,0,-
BRDA:709,26,1,-
DA:710,30705
DA:712,30705
BRDA:712,27,0,3
BRDA:712,27,1,30702
FN:728,EvolvingProteus._getPointGivenXandUtility
FNDA:3893,EvolvingProteus._getPointGivenXandUtility
DA:732,3893
DA:733,3893
DA:735,3893
DA:736,3893
DA:737,3893
DA:739,3893
DA:740,3880
DA:741,3880
DA:742,3879
DA:744,3879
BRDA:744,28,0,190
BRDA:744,28,1,3689
FN:759,EvolvingProteus._getPointGivenYandUtility
FNDA:3901,EvolvingProteus._getPointGivenYandUtility
DA:763,3901
DA:764,3901
DA:766,3901
DA:767,3901
DA:768,3901
DA:770,3901
DA:771,3879
DA:772,3879
DA:773,3876
DA:775,3876
BRDA:775,29,0,206
BRDA:775,29,1,3670
FN:785,EvolvingProteus._checkAmountWithBalance
FNDA:10374,EvolvingProteus._checkAmountWithBalance
DA:789,10374
BRDA:789,30,0,1201
BRDA:789,30,1,9173
FN:798,EvolvingProteus._checkBalances
FNDA:6020,EvolvingProteus._checkBalances
DA:799,6020
BRDA:799,31,0,327
BRDA:799,31,1,5693
DA:800,5693
DA:801,5688
BRDA:801,32,0,12
BRDA:801,32,1,5676
DA:802,5676
BRDA:802,33,0,3
BRDA:802,33,1,5673
FN:813,EvolvingProteus._applyFeeByRounding
FNDA:17921,EvolvingProteus._applyFeeByRounding
DA:818,17921
DA:819,17921
DA:823,17921
BRDA:823,34,0,12
BRDA:823,34,1,17909
DA:825,17909
DA:826,17909
BRDA:826,35,0,-
BRDA:826,35,1,955
DA:827,955
DA:831,955
BRDA:831,36,0,-
BRDA:831,36,1,955
DA:833,16954
DA:838,17909
FN:59,LibConfig.newConfig
FNDA:0,LibConfig.newConfig
DA:67,0
FN:81,LibConfig.elapsed
FNDA:0,LibConfig.elapsed
DA:82,470794
FN:89,LibConfig.t
FNDA:0,LibConfig.t
DA:90,470794
FN:97,LibConfig.px
FNDA:33470,LibConfig.px
DA:98,86115
BRDA:98,0,0,11474
BRDA:98,0,1,74641
DA:99,74641
FN:106,LibConfig.py
FNDA:33470,LibConfig.py
DA:107,86115
BRDA:107,1,0,11474
BRDA:107,1,1,74641
DA:108,74641
FN:115,LibConfig.a
FNDA:52645,LibConfig.a
DA:116,52645
FN:123,LibConfig.b
FNDA:52645,LibConfig.b
DA:124,52645
FN:132,LibConfig.duration
FNDA:0,LibConfig.duration
DA:133,470794
FNF:25
FNH:21
LF:139
LH:138
BRF:78
BRH:59
end_of_record
TN:
SF:src/proteus/LiquidityPool.sol
FN:165,LiquidityPool.computeOutputAmount
FNDA:8196,LiquidityPool.computeOutputAmount
DA:172,8196
DA:174,8196
BRDA:174,0,0,-
BRDA:174,0,1,8196
DA:175,0
DA:181,0
DA:183,0
DA:190,8196
BRDA:190,1,0,4100
BRDA:190,1,1,4096
DA:192,4100
DA:194,4100
DA:202,4096
BRDA:202,2,0,2560
BRDA:202,2,1,1536
DA:204,2560
DA:208,2560
DA:210,2560
DA:221,1536
BRDA:221,3,0,-
BRDA:221,3,1,1536
DA:223,1536
DA:227,1536
DA:229,1536
DA:239,8196
BRDA:239,4,0,-
BRDA:239,4,1,8196
FN:260,LiquidityPool.computeInputAmount
FNDA:0,LiquidityPool.computeInputAmount
DA:267,0
DA:269,0
BRDA:269,5,0,-
BRDA:269,5,1,-
DA:271,0
DA:273,0
DA:281,0
BRDA:281,6,0,-
BRDA:281,6,1,-
DA:283,0
DA:287,0
DA:289,0
DA:300,0
BRDA:300,7,0,-
BRDA:300,7,1,-
DA:302,0
DA:306,0
DA:308,0
DA:318,0
BRDA:318,8,0,-
BRDA:318,8,1,-
DA:319,0
BRDA:319,9,0,-
BRDA:319,9,1,-
FN:329,LiquidityPool.getTokenSupply
FNDA:12296,LiquidityPool.getTokenSupply
DA:335,12296
BRDA:335,10,0,-
BRDA:335,10,1,12296
DA:336,12296
FN:398,LiquidityPool._getBalances
FNDA:8196,LiquidityPool._getBalances
DA:403,8196
DA:404,8196
DA:406,8196
DA:407,8196
DA:408,8196
DA:410,8196
DA:411,8196
FN:418,LiquidityPool._getTotalSupply
FNDA:4096,LiquidityPool._getTotalSupply
DA:419,4096
FN:426,LiquidityPool._handleInitialMints
FNDA:0,LiquidityPool._handleInitialMints
DA:432,0
BRDA:432,11,0,-
BRDA:432,11,1,-
DA:433,0
BRDA:433,12,0,-
BRDA:433,12,1,-
DA:434,0
BRDA:434,13,0,-
BRDA:434,13,1,-
DA:435,0
BRDA:435,14,0,-
BRDA:435,14,1,-
DA:436,0
DA:438,0
BRDA:438,15,0,-
BRDA:438,15,1,-
DA:439,0
BRDA:439,16,0,-
BRDA:439,16,1,-
DA:440,0
BRDA:440,17,0,-
BRDA:440,17,1,-
DA:442,0
DA:444,0
DA:445,0
BRDA:445,18,0,-
BRDA:445,18,1,-
DA:446,0
BRDA:446,19,0,-
BRDA:446,19,1,-
DA:447,0
BRDA:447,20,0,-
BRDA:447,20,1,-
DA:448,0
BRDA:448,21,0,-
BRDA:448,21,1,-
DA:450,0
DA:452,0
DA:454,0
BRDA:454,22,0,-
BRDA:454,22,1,-
DA:459,0
BRDA:459,23,0,-
BRDA:459,23,1,-
DA:461,0
DA:463,0
FN:474,LiquidityPool._determineComputeType
FNDA:8196,LiquidityPool._determineComputeType
DA:480,8196
BRDA:479,24,0,4100
BRDA:479,24,1,4096
DA:483,4100
DA:485,4096
BRDA:484,25,0,2560
BRDA:484,25,1,1536
DA:488,2560
DA:490,1536
BRDA:489,26,0,1536
BRDA:489,26,1,-
DA:493,1536
DA:495,0
FNF:7
FNH:5
LF:68
LH:30
BRF:54
BRH:13
end_of_record
TN:
SF:src/proteus/LiquidityPoolProxy.sol
FN:48,LiquidityPoolProxy.setImplementation
FNDA:0,LiquidityPoolProxy.setImplementation
DA:49,0
DA:54,0
FN:57,LiquidityPoolProxy.freezePool
FNDA:0,LiquidityPoolProxy.freezePool
DA:58,0
DA:59,0
FN:66,LiquidityPoolProxy.swapGivenInputAmount
FNDA:0,LiquidityPoolProxy.swapGivenInputAmount
DA:70,4100
DA:71,4100
FN:83,LiquidityPoolProxy.depositGivenInputAmount
FNDA:0,LiquidityPoolProxy.depositGivenInputAmount
DA:87,2560
DA:88,2560
DA:89,2560
FN:102,LiquidityPoolProxy.withdrawGivenInputAmount
FNDA:0,LiquidityPoolProxy.withdrawGivenInputAmount
DA:106,1536
DA:107,1536
DA:108,1536
FN:121,LiquidityPoolProxy.swapGivenOutputAmount
FNDA:0,LiquidityPoolProxy.swapGivenOutputAmount
DA:125,0
DA:126,0
FN:138,LiquidityPoolProxy.depositGivenOutputAmount
FNDA:0,LiquidityPoolProxy.depositGivenOutputAmount
DA:143,0
DA:144,0
DA:145,0
FN:158,LiquidityPoolProxy.withdrawGivenOutputAmount
FNDA:0,LiquidityPoolProxy.withdrawGivenOutputAmount
DA:162,0
DA:163,0
DA:164,0
FN:173,LiquidityPoolProxy._specifiedToken
FNDA:8196,LiquidityPoolProxy._specifiedToken
DA:178,8196
BRDA:178,0,0,4098
BRDA:178,0,1,4098
DA:179,4098
DA:181,4098
BRDA:181,1,0,-
BRDA:181,1,1,4098
DA:182,4098
FNF:9
FNH:1
LF:24
LH:12
BRF:4
BRH:3
end_of_record
TN:
SF:src/proteus/Proteus.sol
FN:58,Proteus.swapGivenInputAmount
FNDA:1024,Proteus.swapGivenInputAmount
DA:64,1024
BRDA:64,0,0,404
BRDA:64,0,1,620
DA:67,620
DA:71,326
DA:78,1
BRDA:78,1,0,-
BRDA:78,1,1,1
DA:79,1
DA:80,1
FN:92,Proteus.swapGivenOutputAmount
FNDA:1025,Proteus.swapGivenOutputAmount
DA:98,1025
BRDA:98,2,0,391
BRDA:98,2,1,634
DA:101,634
DA:105,325
DA:112,4
BRDA:112,3,0,-
BRDA:112,3,1,4
DA:113,4
DA:114,4
FN:127,Proteus.depositGivenInputAmount
FNDA:257,Proteus.depositGivenInputAmount
DA:134,257
BRDA:134,4,0,217
BRDA:134,4,1,40
DA:140,40
DA:148,2
BRDA:148,5,0,-
BRDA:148,5,1,2
DA:149,2
FN:159,Proteus.depositGivenOutputAmount
FNDA:257,Proteus.depositGivenOutputAmount
DA:166,257
BRDA:166,6,0,210
BRDA:166,6,1,47
DA:172,47
DA:180,3
BRDA:180,7,0,-
BRDA:180,7,1,3
DA:181,3
FN:192,Proteus.withdrawGivenOutputAmount
FNDA:3,Proteus.withdrawGivenOutputAmount
DA:199,3
BRDA:199,8,0,1
BRDA:199,8,1,2
DA:205,2
DA:213,1
BRDA:213,9,0,-
BRDA:213,9,1,1
DA:214,1
FN:225,Proteus.withdrawGivenInputAmount
FNDA:3,Proteus.withdrawGivenInputAmount
DA:232,3
BRDA:232,10,0,-
BRDA:232,10,1,3
DA:238,3
DA:246,3
BRDA:246,11,0,-
BRDA:246,11,1,3
DA:247,3
FN:264,Proteus._swap
FNDA:651,Proteus._swap
DA:271,651
DA:273,651
DA:279,651
DA:280,651
DA:282,651
DA:283,651
DA:285,550
DA:286,550
DA:287,550
DA:288,550
DA:290,539
BRDA:290,12,0,123
BRDA:290,12,1,150
DA:291,273
DA:292,273
DA:295,273
DA:307,266
DA:308,266
DA:311,266
DA:325,45
BRDA:325,13,0,21
BRDA:325,13,1,24
DA:326,21
DA:327,21
DA:329,24
DA:330,24
FN:341,Proteus._reserveTokenSpecified
FNDA:42,Proteus._reserveTokenSpecified
DA:349,42
DA:350,42
DA:351,42
DA:352,42
DA:354,42
BRDA:354,14,0,24
BRDA:354,14,1,18
DA:355,24
DA:356,24
DA:358,18
DA:359,18
DA:363,42
DA:364,42
DA:365,42
DA:366,42
DA:368,42
DA:369,10
DA:372,7
DA:373,5
DA:377,5
DA:378,4
BRDA:378,15,0,-
BRDA:378,15,1,4
DA:379,4
DA:380,4
FN:393,Proteus._lpTokenSpecified
FNDA:50,Proteus._lpTokenSpecified
DA:401,50
DA:402,50
DA:403,50
DA:404,50
DA:406,50
DA:417,8
DA:418,8
DA:419,8
BRDA:419,16,0,3
BRDA:419,16,1,3
DA:420,6
DA:421,6
DA:433,2
DA:434,2
DA:447,6
BRDA:447,17,0,5
BRDA:447,17,1,1
DA:448,5
DA:449,5
DA:451,1
DA:452,1
FN:457,Proteus._getUtilityFinalLp
FNDA:48,Proteus._getUtilityFinalLp
DA:467,48
BRDA:467,18,0,-
BRDA:467,18,1,48
DA:468,48
DA:469,10
DA:470,8
DA:471,8
BRDA:471,19,0,-
BRDA:471,19,1,8
DA:472,8
FN:507,Proteus._findFinalPoint
FNDA:547,Proteus._findFinalPoint
DA:520,547
DA:521,776
DA:522,708
DA:523,629
FN:547,Proteus._getUtility
FNDA:2949,Proteus._getUtility
DA:554,2949
DA:555,2949
DA:556,2949
DA:558,2949
DA:561,1726
DA:562,1726
DA:564,1726
DA:565,1726
BRDA:565,20,0,-
BRDA:565,20,1,1726
DA:566,0
FN:582,Proteus._getPointGivenXandUtility
FNDA:1036,Proteus._getPointGivenXandUtility
DA:589,1036
DA:590,1036
DA:593,1036
DA:594,1029
BRDA:594,21,0,208
BRDA:594,21,1,821
DA:595,208
FN:611,Proteus._getPointGivenYandUtility
FNDA:982,Proteus._getPointGivenYandUtility
DA:618,982
DA:619,982
DA:620,982
DA:621,978
BRDA:621,22,0,190
BRDA:621,22,1,788
DA:622,190
FN:642,Proteus._findSlice
FNDA:3232,Proteus._findSlice
DA:647,3232
BRDA:647,23,0,1
BRDA:647,23,1,3231
DA:648,1
DA:651,3231
DA:652,3167
BRDA:652,24,0,100
BRDA:652,24,1,3067
DA:653,100
DA:656,3067
DA:657,20830
BRDA:657,25,0,1990
BRDA:657,25,1,18840
DA:658,1990
DA:661,1077
BRDA:661,26,0,1034
BRDA:661,26,1,43
DA:662,1034
DA:665,43
FN:675,Proteus._pointIsNotInSlice
FNDA:848,Proteus._pointIsNotInSlice
DA:681,848
DA:685,848
DA:686,831
FN:699,Proteus._getSliceBoundaries
FNDA:920,Proteus._getSliceBoundaries
DA:704,920
BRDA:704,27,0,-
BRDA:704,27,1,920
DA:705,0
DA:708,920
BRDA:708,28,0,-
BRDA:708,28,1,161
DA:709,161
DA:710,161
DA:711,759
BRDA:711,29,0,-
BRDA:711,29,1,151
DA:712,151
DA:713,151
DA:715,608
DA:716,608
FN:729,Proteus._next
FNDA:708,Proteus._next
DA:734,708
BRDA:734,30,0,-
BRDA:734,30,1,708
DA:735,708
DA:738,708
BRDA:738,31,0,79
BRDA:738,31,1,629
DA:739,79
DA:743,629
DA:744,629
BRDA:744,32,0,-
BRDA:744,32,1,629
FN:753,Proteus._checkAmountWithBalance
FNDA:1259,Proteus._checkAmountWithBalance
DA:757,1259
BRDA:757,33,0,603
BRDA:757,33,1,656
DA:758,603
FN:768,Proteus._checkBalances
FNDA:51,Proteus._checkBalances
DA:769,51
BRDA:769,34,0,40
BRDA:769,34,1,11
DA:770,40
DA:772,11
DA:773,11
BRDA:773,35,0,-
BRDA:773,35,1,11
DA:774,0
DA:775,11
BRDA:775,36,0,-
BRDA:775,36,1,11
DA:776,0
FN:788,Proteus._applyFeeByRounding
FNDA:798,Proteus._applyFeeByRounding
DA:793,798
DA:794,798
DA:798,798
BRDA:798,37,0,3
BRDA:798,37,1,795
DA:800,795
DA:801,795
BRDA:801,38,0,-
BRDA:801,38,1,409
DA:802,409
DA:806,409
BRDA:806,39,0,-
BRDA:806,39,1,409
DA:808,386
DA:814,795
FNF:21
FNH:21
LF:165
LH:161
BRF:80
BRH:60
end_of_record
TN:
SF:src/proteus/Slices.sol
FN:133,Slices.getSlopes
FNDA:0,Slices.getSlopes
DA:134,999
DA:135,999
DA:136,999
DA:137,999
DA:138,999
DA:139,999
DA:140,999
DA:141,999
DA:142,999
DA:143,999
DA:144,999
DA:145,999
DA:146,999
FN:150,Slices.getAs
FNDA:0,Slices.getAs
DA:151,898
DA:152,898
DA:153,898
DA:154,898
DA:155,898
DA:156,898
DA:157,898
DA:158,898
DA:159,898
DA:160,898
DA:161,898
DA:162,898
DA:163,898
DA:164,898
FN:167,Slices.getBs
FNDA:0,Slices.getBs
DA:168,898
DA:169,898
DA:170,898
DA:171,898
DA:172,898
DA:173,898
DA:174,898
DA:175,898
DA:176,898
DA:177,898
DA:178,898
DA:179,898
DA:180,898
DA:181,898
FN:184,Slices.getKs
FNDA:0,Slices.getKs
DA:185,898
DA:186,898
DA:187,898
DA:188,898
DA:189,898
DA:190,898
DA:191,898
DA:192,898
DA:193,898
DA:194,898
DA:195,898
DA:196,898
DA:197,898
DA:198,898
FNF:4
FNH:0
LF:55
LH:55
BRF:0
BRH:0
end_of_record
TN:
SF:src/test/EvolvingInstrumentedProteus.sol
FN:28,EvolvingInstrumentedProteus.swap
FNDA:0,EvolvingInstrumentedProteus.swap
DA:35,0
FN:44,EvolvingInstrumentedProteus.getSwapMax
FNDA:322,EvolvingInstrumentedProteus.getSwapMax
DA:49,322
DA:50,322
DA:51,322
DA:53,322
BRDA:53,0,0,153
BRDA:53,0,1,169
DA:54,153
DA:57,169
DA:59,322
DA:61,322
BRDA:61,1,0,-
BRDA:61,1,1,322
DA:62,0
DA:64,322
FN:67,EvolvingInstrumentedProteus.tInit
FNDA:7300,EvolvingInstrumentedProteus.tInit
DA:68,7300
FN:70,EvolvingInstrumentedProteus.tFinal
FNDA:7300,EvolvingInstrumentedProteus.tFinal
DA:71,7300
FN:73,EvolvingInstrumentedProteus.a
FNDA:11528,EvolvingInstrumentedProteus.a
DA:74,11528
FN:76,EvolvingInstrumentedProteus.b
FNDA:11528,EvolvingInstrumentedProteus.b
DA:77,11528
FN:79,EvolvingInstrumentedProteus.px
FNDA:24148,EvolvingInstrumentedProteus.px
DA:80,24148
FN:82,EvolvingInstrumentedProteus.py
FNDA:24148,EvolvingInstrumentedProteus.py
DA:83,24148
FN:86,EvolvingInstrumentedProteus.printConfig
FNDA:1,EvolvingInstrumentedProteus.printConfig
DA:87,1
FN:90,EvolvingInstrumentedProteus.reserveTokenSpecified
FNDA:0,EvolvingInstrumentedProteus.reserveTokenSpecified
DA:98,0
FN:108,EvolvingInstrumentedProteus.lpTokenSpecified
FNDA:0,EvolvingInstrumentedProteus.lpTokenSpecified
DA:116,0
FN:126,EvolvingInstrumentedProteus.getUtility
FNDA:21093,EvolvingInstrumentedProteus.getUtility
DA:130,21093
FN:133,EvolvingInstrumentedProteus.getPointGivenXandUtility
FNDA:495,EvolvingInstrumentedProteus.getPointGivenXandUtility
DA:137,664
FN:140,EvolvingInstrumentedProteus.getPointGivenYandUtility
FNDA:513,EvolvingInstrumentedProteus.getPointGivenYandUtility
DA:144,666
FNF:14
FNH:11
LF:23
LH:19
BRF:4
BRH:3
end_of_record
TN:
SF:src/test/InstrumentedProteus.sol
FN:25,InstrumentedProteus.swap
FNDA:0,InstrumentedProteus.swap
DA:32,0
FN:41,InstrumentedProteus.getSwapMax
FNDA:256,InstrumentedProteus.getSwapMax
DA:47,256
DA:48,256
DA:50,256
DA:51,256
DA:52,256
DA:53,256
DA:55,256
DA:56,256
DA:58,256
DA:60,256
DA:62,256
DA:63,256
BRDA:63,0,0,-
BRDA:63,0,1,256
DA:64,256
FN:68,InstrumentedProteus.reserveTokenSpecified
FNDA:0,InstrumentedProteus.reserveTokenSpecified
DA:76,0
FN:86,InstrumentedProteus.lpTokenSpecified
FNDA:0,InstrumentedProteus.lpTokenSpecified
DA:94,0
FN:104,InstrumentedProteus.getUtility
FNDA:2118,InstrumentedProteus.getUtility
DA:111,2118
FN:114,InstrumentedProteus.getPointGivenXandUtility
FNDA:259,InstrumentedProteus.getPointGivenXandUtility
DA:121,400
FN:124,InstrumentedProteus.getPointGivenYandUtility
FNDA:327,InstrumentedProteus.getPointGivenYandUtility
DA:131,442
FN:134,InstrumentedProteus.findSlice
FNDA:2228,InstrumentedProteus.findSlice
DA:139,2228
FN:142,InstrumentedProteus.pointIsNotInSlice
FNDA:72,InstrumentedProteus.pointIsNotInSlice
DA:148,72
FN:151,InstrumentedProteus.getSliceBoundaries
FNDA:72,InstrumentedProteus.getSliceBoundaries
DA:156,72
FN:159,InstrumentedProteus.next
FNDA:0,InstrumentedProteus.next
DA:164,0
FNF:11
FNH:7
LF:23
LH:19
BRF:2
BRH:1
end_of_record
